<?xml version="1.0" encoding="UTF-8"?>
<!-- Generated by org.testng.reporters.JUnitReportReporter -->
<testsuite hostname="DESKTOP-QBR2O57" failures="0" tests="6" name="Testcase.Testcase" time="28.219" errors="0" timestamp="2025-09-05T01:50:08 IST" skipped="0">
  <testcase classname="Testcase.Testcase" name="testValidLogin" time="3.227"/>
  <testcase classname="Testcase.Testcase" name="testBlankCredentials" time="6.701"/>
  <testcase classname="Testcase.Testcase" name="testOnlyUserId" time="2.493"/>
  <testcase classname="Testcase.Testcase" name="testOnlyPassword" time="7.262"/>
  <testcase classname="Testcase.Testcase" name="testInvalidCredentials" time="5.635"/>
  <testcase classname="Testcase.Testcase" name="testEyeToggleFunctionality" time="2.901"/>
</testsuite> <!-- Testcase.Testcase -->
